2022-06-18 14:56:59|ERROR|uncaughtException: Cannot find module './errors/handlers'
Require stack:
- C:\Users\kim\WebstormProjects\hanum\app.js
- C:\Users\kim\WebstormProjects\hanum\index.js
Error: Cannot find module './errors/handlers'
Require stack:
- C:\Users\kim\WebstormProjects\hanum\app.js
- C:\Users\kim\WebstormProjects\hanum\index.js
    at Function.Module._resolveFilename (node:internal/modules/cjs/loader:933:15)
    at Function.Module._load (node:internal/modules/cjs/loader:778:27)
    at Module.require (node:internal/modules/cjs/loader:1005:19)
    at require (node:internal/modules/cjs/helpers:102:18)
    at Object.<anonymous> (C:\Users\kim\WebstormProjects\hanum\app.js:7:36)
    at Module._compile (node:internal/modules/cjs/loader:1103:14)
    at Object.Module._extensions..js (node:internal/modules/cjs/loader:1157:10)
    at Module.load (node:internal/modules/cjs/loader:981:32)
    at Function.Module._load (node:internal/modules/cjs/loader:822:12)
    at Module.require (node:internal/modules/cjs/loader:1005:19)
2022-06-18 15:00:22|ERROR|uncaughtException: Cannot find module './errors/handlers'
Require stack:
- C:\Users\kim\WebstormProjects\hanum\app.js
- C:\Users\kim\WebstormProjects\hanum\index.js
Error: Cannot find module './errors/handlers'
Require stack:
- C:\Users\kim\WebstormProjects\hanum\app.js
- C:\Users\kim\WebstormProjects\hanum\index.js
    at Function.Module._resolveFilename (node:internal/modules/cjs/loader:933:15)
    at Function.Module._load (node:internal/modules/cjs/loader:778:27)
    at Module.require (node:internal/modules/cjs/loader:1005:19)
    at require (node:internal/modules/cjs/helpers:102:18)
    at Object.<anonymous> (C:\Users\kim\WebstormProjects\hanum\app.js:7:36)
    at Module._compile (node:internal/modules/cjs/loader:1103:14)
    at Object.Module._extensions..js (node:internal/modules/cjs/loader:1157:10)
    at Module.load (node:internal/modules/cjs/loader:981:32)
    at Function.Module._load (node:internal/modules/cjs/loader:822:12)
    at Module.require (node:internal/modules/cjs/loader:1005:19)
2022-06-18 15:00:26|ERROR|uncaughtException: Cannot find module './errors/handlers'
Require stack:
- C:\Users\kim\WebstormProjects\hanum\app.js
- C:\Users\kim\WebstormProjects\hanum\index.js
Error: Cannot find module './errors/handlers'
Require stack:
- C:\Users\kim\WebstormProjects\hanum\app.js
- C:\Users\kim\WebstormProjects\hanum\index.js
    at Function.Module._resolveFilename (node:internal/modules/cjs/loader:933:15)
    at Function.Module._load (node:internal/modules/cjs/loader:778:27)
    at Module.require (node:internal/modules/cjs/loader:1005:19)
    at require (node:internal/modules/cjs/helpers:102:18)
    at Object.<anonymous> (C:\Users\kim\WebstormProjects\hanum\app.js:7:36)
    at Module._compile (node:internal/modules/cjs/loader:1103:14)
    at Object.Module._extensions..js (node:internal/modules/cjs/loader:1157:10)
    at Module.load (node:internal/modules/cjs/loader:981:32)
    at Function.Module._load (node:internal/modules/cjs/loader:822:12)
    at Module.require (node:internal/modules/cjs/loader:1005:19)
2022-06-18 15:02:07|ERROR|uncaughtException: Cannot find module './errors/handlers'
Require stack:
- C:\Users\kim\WebstormProjects\hanum\app.js
- C:\Users\kim\WebstormProjects\hanum\index.js
Error: Cannot find module './errors/handlers'
Require stack:
- C:\Users\kim\WebstormProjects\hanum\app.js
- C:\Users\kim\WebstormProjects\hanum\index.js
    at Function.Module._resolveFilename (node:internal/modules/cjs/loader:933:15)
    at Function.Module._load (node:internal/modules/cjs/loader:778:27)
    at Module.require (node:internal/modules/cjs/loader:1005:19)
    at require (node:internal/modules/cjs/helpers:102:18)
    at Object.<anonymous> (C:\Users\kim\WebstormProjects\hanum\app.js:7:36)
    at Module._compile (node:internal/modules/cjs/loader:1103:14)
    at Object.Module._extensions..js (node:internal/modules/cjs/loader:1157:10)
    at Module.load (node:internal/modules/cjs/loader:981:32)
    at Function.Module._load (node:internal/modules/cjs/loader:822:12)
    at Module.require (node:internal/modules/cjs/loader:1005:19)
2022-06-18 15:02:42|ERROR|uncaughtException: Cannot find module './routes'
Require stack:
- C:\Users\kim\WebstormProjects\hanum\app.js
- C:\Users\kim\WebstormProjects\hanum\index.js
Error: Cannot find module './routes'
Require stack:
- C:\Users\kim\WebstormProjects\hanum\app.js
- C:\Users\kim\WebstormProjects\hanum\index.js
    at Function.Module._resolveFilename (node:internal/modules/cjs/loader:933:15)
    at Function.Module._load (node:internal/modules/cjs/loader:778:27)
    at Module.require (node:internal/modules/cjs/loader:1005:19)
    at require (node:internal/modules/cjs/helpers:102:18)
    at Object.<anonymous> (C:\Users\kim\WebstormProjects\hanum\app.js:10:16)
    at Module._compile (node:internal/modules/cjs/loader:1103:14)
    at Object.Module._extensions..js (node:internal/modules/cjs/loader:1157:10)
    at Module.load (node:internal/modules/cjs/loader:981:32)
    at Function.Module._load (node:internal/modules/cjs/loader:822:12)
    at Module.require (node:internal/modules/cjs/loader:1005:19)
2022-06-18 15:02:53|ERROR|uncaughtException: Cannot find module './routes'
Require stack:
- C:\Users\kim\WebstormProjects\hanum\app.js
- C:\Users\kim\WebstormProjects\hanum\index.js
Error: Cannot find module './routes'
Require stack:
- C:\Users\kim\WebstormProjects\hanum\app.js
- C:\Users\kim\WebstormProjects\hanum\index.js
    at Function.Module._resolveFilename (node:internal/modules/cjs/loader:933:15)
    at Function.Module._load (node:internal/modules/cjs/loader:778:27)
    at Module.require (node:internal/modules/cjs/loader:1005:19)
    at require (node:internal/modules/cjs/helpers:102:18)
    at Object.<anonymous> (C:\Users\kim\WebstormProjects\hanum\app.js:10:16)
    at Module._compile (node:internal/modules/cjs/loader:1103:14)
    at Object.Module._extensions..js (node:internal/modules/cjs/loader:1157:10)
    at Module.load (node:internal/modules/cjs/loader:981:32)
    at Function.Module._load (node:internal/modules/cjs/loader:822:12)
    at Module.require (node:internal/modules/cjs/loader:1005:19)
2022-06-18 15:09:22|ERROR|uncaughtException: mongoose is not defined
ReferenceError: mongoose is not defined
    at Object.<anonymous> (C:\Users\kim\WebstormProjects\hanum\index.js:5:1)
    at Module._compile (node:internal/modules/cjs/loader:1103:14)
    at Object.Module._extensions..js (node:internal/modules/cjs/loader:1157:10)
    at Module.load (node:internal/modules/cjs/loader:981:32)
    at Function.Module._load (node:internal/modules/cjs/loader:822:12)
    at Function.executeUserEntryPoint [as runMain] (node:internal/modules/run_main:77:12)
    at node:internal/main/run_main_module:17:47
2022-06-18 15:09:47|ERROR|uncaughtException: DATABASE_CONNECTION_STRINGS is not defined
ReferenceError: DATABASE_CONNECTION_STRINGS is not defined
    at Object.<anonymous> (C:\Users\kim\WebstormProjects\hanum\index.js:6:18)
    at Module._compile (node:internal/modules/cjs/loader:1103:14)
    at Object.Module._extensions..js (node:internal/modules/cjs/loader:1157:10)
    at Module.load (node:internal/modules/cjs/loader:981:32)
    at Function.Module._load (node:internal/modules/cjs/loader:822:12)
    at Function.executeUserEntryPoint [as runMain] (node:internal/modules/run_main:77:12)
    at node:internal/main/run_main_module:17:47
2022-06-18 15:10:43|ERROR|uncaughtException: Invalid scheme, expected connection string to start with "mongodb://" or "mongodb+srv://"
MongoParseError: Invalid scheme, expected connection string to start with "mongodb://" or "mongodb+srv://"
    at new ConnectionString (C:\Users\kim\WebstormProjects\hanum\node_modules\mongodb-connection-string-url\lib\index.js:86:19)
    at parseOptions (C:\Users\kim\WebstormProjects\hanum\node_modules\mongodb\lib\connection_string.js:209:17)
    at new MongoClient (C:\Users\kim\WebstormProjects\hanum\node_modules\mongodb\lib\mongo_client.js:62:63)
    at C:\Users\kim\WebstormProjects\hanum\node_modules\mongoose\lib\connection.js:796:16
    at new Promise (<anonymous>)
    at NativeConnection.Connection.openUri (C:\Users\kim\WebstormProjects\hanum\node_modules\mongoose\lib\connection.js:793:19)
    at C:\Users\kim\WebstormProjects\hanum\node_modules\mongoose\lib\index.js:377:10
    at C:\Users\kim\WebstormProjects\hanum\node_modules\mongoose\lib\helpers\promiseOrCallback.js:32:5
    at new Promise (<anonymous>)
    at promiseOrCallback (C:\Users\kim\WebstormProjects\hanum\node_modules\mongoose\lib\helpers\promiseOrCallback.js:31:10)
2022-06-18 15:20:20|ERROR|uncaughtException: Cannot find module '../../../../models'
Require stack:
- C:\Users\kim\WebstormProjects\hanum\routes\score\controller.js
- C:\Users\kim\WebstormProjects\hanum\routes\score\index.js
- C:\Users\kim\WebstormProjects\hanum\app.js
- C:\Users\kim\WebstormProjects\hanum\index.js
Error: Cannot find module '../../../../models'
Require stack:
- C:\Users\kim\WebstormProjects\hanum\routes\score\controller.js
- C:\Users\kim\WebstormProjects\hanum\routes\score\index.js
- C:\Users\kim\WebstormProjects\hanum\app.js
- C:\Users\kim\WebstormProjects\hanum\index.js
    at Function.Module._resolveFilename (node:internal/modules/cjs/loader:933:15)
    at Function.Module._load (node:internal/modules/cjs/loader:778:27)
    at Module.require (node:internal/modules/cjs/loader:1005:19)
    at require (node:internal/modules/cjs/helpers:102:18)
    at Object.<anonymous> (C:\Users\kim\WebstormProjects\hanum\routes\score\controller.js:2:24)
    at Module._compile (node:internal/modules/cjs/loader:1103:14)
    at Object.Module._extensions..js (node:internal/modules/cjs/loader:1157:10)
    at Module.load (node:internal/modules/cjs/loader:981:32)
    at Function.Module._load (node:internal/modules/cjs/loader:822:12)
    at Module.require (node:internal/modules/cjs/loader:1005:19)
2022-06-18 15:21:13|ERROR|uncaughtException: getContestScoreBoards is not defined
ReferenceError: getContestScoreBoards is not defined
    at Object.<anonymous> (C:\Users\kim\WebstormProjects\hanum\routes\score\controller.js:6:33)
    at Module._compile (node:internal/modules/cjs/loader:1103:14)
    at Object.Module._extensions..js (node:internal/modules/cjs/loader:1157:10)
    at Module.load (node:internal/modules/cjs/loader:981:32)
    at Function.Module._load (node:internal/modules/cjs/loader:822:12)
    at Module.require (node:internal/modules/cjs/loader:1005:19)
    at require (node:internal/modules/cjs/helpers:102:18)
    at Object.<anonymous> (C:\Users\kim\WebstormProjects\hanum\routes\score\index.js:2:20)
    at Module._compile (node:internal/modules/cjs/loader:1103:14)
    at Object.Module._extensions..js (node:internal/modules/cjs/loader:1157:10)
2022-06-18 15:21:21|ERROR|uncaughtException: Route.get() requires a callback function but got a [object Undefined]
Error: Route.get() requires a callback function but got a [object Undefined]
    at Route.<computed> [as get] (C:\Users\kim\WebstormProjects\hanum\node_modules\express\lib\router\route.js:211:15)
    at Function.proto.<computed> [as get] (C:\Users\kim\WebstormProjects\hanum\node_modules\express\lib\router\index.js:521:19)
    at Object.<anonymous> (C:\Users\kim\WebstormProjects\hanum\routes\score\index.js:5:8)
    at Module._compile (node:internal/modules/cjs/loader:1103:14)
    at Object.Module._extensions..js (node:internal/modules/cjs/loader:1157:10)
    at Module.load (node:internal/modules/cjs/loader:981:32)
    at Function.Module._load (node:internal/modules/cjs/loader:822:12)
    at Module.require (node:internal/modules/cjs/loader:1005:19)
    at require (node:internal/modules/cjs/helpers:102:18)
    at Object.<anonymous> (C:\Users\kim\WebstormProjects\hanum\app.js:10:14)
2022-06-18 15:23:00|ERROR|uncaughtException: PORT is not defined
ReferenceError: PORT is not defined
    at Object.<anonymous> (C:\Users\kim\WebstormProjects\hanum\index.js:14:12)
    at Module._compile (node:internal/modules/cjs/loader:1103:14)
    at Object.Module._extensions..js (node:internal/modules/cjs/loader:1157:10)
    at Module.load (node:internal/modules/cjs/loader:981:32)
    at Function.Module._load (node:internal/modules/cjs/loader:822:12)
    at Function.executeUserEntryPoint [as runMain] (node:internal/modules/run_main:77:12)
    at node:internal/main/run_main_module:17:47
2022-06-18 15:23:06|ERROR|uncaughtException: addr is not defined
ReferenceError: addr is not defined
    at Server.<anonymous> (C:\Users\kim\WebstormProjects\hanum\index.js:16:31)
    at Object.onceWrapper (node:events:645:28)
    at Server.emit (node:events:526:28)
    at emitListeningNT (node:net:1364:10)
    at processTicksAndRejections (node:internal/process/task_queues:82:21)
2022-06-18 15:23:33|DEBUG|Sever running on 8000
2022-06-18 15:23:38|INFO|[0mGET / [32m200[0m 2.384 ms - 59[0m

2022-06-18 15:23:55|ERROR|uncaughtException: Cannot find module './routes/score'
Require stack:
- C:\Users\kim\WebstormProjects\hanum\app.js
- C:\Users\kim\WebstormProjects\hanum\index.js
Error: Cannot find module './routes/score'
Require stack:
- C:\Users\kim\WebstormProjects\hanum\app.js
- C:\Users\kim\WebstormProjects\hanum\index.js
    at Function.Module._resolveFilename (node:internal/modules/cjs/loader:933:15)
    at Function.Module._load (node:internal/modules/cjs/loader:778:27)
    at Module.require (node:internal/modules/cjs/loader:1005:19)
    at require (node:internal/modules/cjs/helpers:102:18)
    at Object.<anonymous> (C:\Users\kim\WebstormProjects\hanum\app.js:10:14)
    at Module._compile (node:internal/modules/cjs/loader:1103:14)
    at Object.Module._extensions..js (node:internal/modules/cjs/loader:1157:10)
    at Module.load (node:internal/modules/cjs/loader:981:32)
    at Function.Module._load (node:internal/modules/cjs/loader:822:12)
    at Module.require (node:internal/modules/cjs/loader:1005:19)
2022-06-18 15:24:08|DEBUG|Sever running on 8000
2022-06-18 15:24:15|INFO|[0mGET / [32m200[0m 2.271 ms - 59[0m

